<?xml version="1.0" encoding="UTF-8"?>
<!-- Generated by org.testng.reporters.JUnitReportReporter -->
<testsuite skipped="0" hostname="DESKTOP-K30EV23" name="test.OpenSourceLoginTest" tests="1" failures="0" timestamp="2020-08-24T17:15:26 CDT" time="13.526" errors="0">
  <testcase name="loginTest" time="13.526" classname="test.OpenSourceLoginTest"/>
  <system-out/>
</testsuite> <!-- test.OpenSourceLoginTest -->
